<?xml version="1.0" encoding="UTF-8"?>
<!-- Generated by org.testng.reporters.JUnitReportReporter -->
<testsuite hostname="shubham-pc" failures="0" tests="6" name="testPackage.DesignEfficiently" time="210.833" errors="0" timestamp="2022-10-22T05:09:50 IST" skipped="0">
  <testcase classname="testPackage.DesignEfficiently" name="test0" time="6.266"/>
  <system-out/>
  <testcase classname="testPackage.DesignEfficiently" name="test1" time="68.648"/>
  <system-out/>
  <testcase classname="testPackage.DesignEfficiently" name="test2" time="45.040"/>
  <system-out/>
  <testcase classname="testPackage.DesignEfficiently" name="test3a" time="12.644"/>
  <system-out/>
  <testcase classname="testPackage.DesignEfficiently" name="test3b" time="8.866"/>
  <system-out/>
  <testcase classname="testPackage.DesignEfficiently" name="test3c" time="69.369"/>
  <system-out/>
</testsuite> <!-- testPackage.DesignEfficiently -->
